Log file open, 10/14/18 18:04:28
LogWindows: Failed to load 'aqProf.dll' (GetLastError=126)
LogWindows: File 'aqProf.dll' does not exist
LogWindows: Failed to load 'VtuneApi.dll' (GetLastError=126)
LogWindows: File 'VtuneApi.dll' does not exist
LogWindows: Failed to load 'VtuneApi32e.dll' (GetLastError=126)
LogWindows: File 'VtuneApi32e.dll' does not exist
LogInit: Display: Running engine for game: BattleTanks
LogPlatformFile: Not using cached read wrapper
LogInit: Display: RandInit(893578696) SRandInit(893578696).
LogInit: Read version file with build ID '3944462'
LogInit: Overriding engine version to CL 4033788, compatible CL 3944462
LogInit: Registered custom module enumerator with build ID '3944462'
LogTaskGraph: Started task graph with 5 named threads and 23 total threads with 3 sets of task threads.
LogStats: Stats thread started at 0.284074
LogD3D11RHI: Aftermath initialized
LogICUInternationalization: Display: ICU TimeZone Detection - Raw Offset: -8:00, Platform Override: ''
LogPluginManager: Mounting plugin Paper2D
LogPluginManager: Mounting plugin LiveLink
LogPluginManager: Mounting plugin LightPropagationVolume
LogPluginManager: Mounting plugin CLionSourceCodeAccess
LogPluginManager: Mounting plugin CodeLiteSourceCodeAccess
LogPluginManager: Mounting plugin GitSourceControl
LogPluginManager: Mounting plugin KDevelopSourceCodeAccess
LogPluginManager: Mounting plugin NullSourceCodeAccess
LogPluginManager: Mounting plugin PerforceSourceControl
LogPluginManager: Mounting plugin SubversionSourceControl
LogPluginManager: Mounting plugin UObjectPlugin
LogPluginManager: Mounting plugin VisualStudioCodeSourceCodeAccess
LogPluginManager: Mounting plugin VisualStudioSourceCodeAccess
LogPluginManager: Mounting plugin XCodeSourceCodeAccess
LogPluginManager: Mounting plugin AssetManagerEditor
LogPluginManager: Mounting plugin CryptoKeys
LogPluginManager: Mounting plugin DataValidation
LogPluginManager: Mounting plugin FacialAnimation
LogPluginManager: Mounting plugin GameplayTagsEditor
LogPluginManager: Mounting plugin MobileLauncherProfileWizard
LogPluginManager: Mounting plugin PluginBrowser
LogPluginManager: Mounting plugin SpeedTreeImporter
LogPluginManager: Mounting plugin DatasmithContent
LogPluginManager: Mounting plugin AlembicImporter
LogPluginManager: Mounting plugin CharacterAI
LogPluginManager: Mounting plugin HTML5Networking
LogPluginManager: Mounting plugin AndroidMedia
LogPluginManager: Mounting plugin AvfMedia
LogPluginManager: Mounting plugin ImgMedia
LogPluginManager: Mounting plugin LinearTimecode
LogPluginManager: Mounting plugin MediaCompositing
LogPluginManager: Mounting plugin MediaPlayerEditor
LogPluginManager: Mounting plugin WmfMedia
LogPluginManager: Mounting plugin TcpMessaging
LogPluginManager: Mounting plugin UdpMessaging
LogPluginManager: Mounting plugin ActorSequence
LogPluginManager: Mounting plugin LevelSequenceEditor
LogPluginManager: Mounting plugin MatineeToLevelSequence
LogPluginManager: Mounting plugin NetcodeUnitTest
LogPluginManager: Mounting plugin NUTUnrealEngine4
LogPluginManager: Mounting plugin OnlineSubsystemGooglePlay
LogPluginManager: Mounting plugin OnlineSubsystemIOS
LogPluginManager: Mounting plugin OnlineSubsystem
LogPluginManager: Mounting plugin OnlineSubsystemNull
LogPluginManager: Mounting plugin OnlineSubsystemUtils
LogPluginManager: Mounting plugin AndroidDeviceProfileSelector
LogPluginManager: Mounting plugin AndroidMoviePlayer
LogPluginManager: Mounting plugin AndroidPermission
LogPluginManager: Mounting plugin AppleARKit
LogPluginManager: Mounting plugin AppleMoviePlayer
LogPluginManager: Mounting plugin ArchVisCharacter
LogPluginManager: Mounting plugin AudioCapture
LogPluginManager: Mounting plugin CableComponent
LogPluginManager: Mounting plugin CustomMeshComponent
LogPluginManager: Mounting plugin ExampleDeviceProfileSelector
LogPluginManager: Mounting plugin GoogleCloudMessaging
LogPluginManager: Mounting plugin ImmediatePhysics
LogPluginManager: Mounting plugin IOSDeviceProfileSelector
LogPluginManager: Mounting plugin LinuxDeviceProfileSelector
LogPluginManager: Mounting plugin LocationServicesBPLibrary
LogPluginManager: Mounting plugin MobilePatchingUtils
LogPluginManager: Mounting plugin OculusVR
LogPluginManager: Plugin shader directory ../../../Engine/Plugins/Runtime/Oculus/OculusVR/Shaders found
LogPluginManager: Mapping shader source directory ../../../Engine/Plugins/Runtime/Oculus/OculusVR/Shaders to virtual directory /Plugin/OculusVR
LogPluginManager: Mounting plugin PhysXVehicles
LogPluginManager: Mounting plugin ProceduralMeshComponent
LogPluginManager: Mounting plugin RuntimePhysXCooking
LogPluginManager: Mounting plugin SteamVR
LogPluginManager: Mounting plugin WindowsMoviePlayer
LogStreaming: Display: Took  0.143s to configure plugins.
LogModuleManager: Display: Found up-to-date module file ../../../../../../Users/saket/source/repos/Section_02/BattleTanks/BattleTanks/Binaries/Win64/UE4Editor-BattleTanks.dll (API version 3944462).
LogModuleManager: Display: Found up-to-date module file ../../../Engine/Plugins/2D/Paper2D/Binaries/Win64/UE4Editor-Paper2D.dll (API version 3944462).
LogModuleManager: Display: Found up-to-date module file ../../../Engine/Plugins/2D/Paper2D/Binaries/Win64/UE4Editor-Paper2DEditor.dll (API version 3944462).
LogModuleManager: Display: Found up-to-date module file ../../../Engine/Plugins/2D/Paper2D/Binaries/Win64/UE4Editor-PaperSpriteSheetImporter.dll (API version 3944462).
LogModuleManager: Display: Found up-to-date module file ../../../Engine/Plugins/2D/Paper2D/Binaries/Win64/UE4Editor-PaperTiledImporter.dll (API version 3944462).
LogModuleManager: Display: Found up-to-date module file ../../../Engine/Plugins/2D/Paper2D/Binaries/Win64/UE4Editor-SmartSnapping.dll (API version 3944462).
LogModuleManager: Display: Found up-to-date module file ../../../Engine/Plugins/Animation/LiveLink/Binaries/Win64/UE4Editor-LiveLink.dll (API version 3944462).
LogModuleManager: Display: Found up-to-date module file ../../../Engine/Plugins/Animation/LiveLink/Binaries/Win64/UE4Editor-LiveLinkEditor.dll (API version 3944462).
LogModuleManager: Display: Found up-to-date module file ../../../Engine/Plugins/Blendables/LightPropagationVolume/Binaries/Win64/UE4Editor-LightPropagationVolumeRuntime.dll (API version 3944462).
LogModuleManager: Display: Found up-to-date module file ../../../Engine/Plugins/Blendables/LightPropagationVolume/Binaries/Win64/UE4Editor-LightPropagationVolumeEditor.dll (API version 3944462).
LogModuleManager: Display: Found up-to-date module file ../../../Engine/Plugins/Developer/CLionSourceCodeAccess/Binaries/Win64/UE4Editor-CLionSourceCodeAccess.dll (API version 3944462).
LogModuleManager: Display: Found up-to-date module file ../../../Engine/Plugins/Developer/GitSourceControl/Binaries/Win64/UE4Editor-GitSourceControl.dll (API version 3944462).
LogModuleManager: Display: Found up-to-date module file ../../../Engine/Plugins/Developer/PerforceSourceControl/Binaries/Win64/UE4Editor-PerforceSourceControl.dll (API version 3944462).
LogModuleManager: Display: Found up-to-date module file ../../../Engine/Plugins/Developer/SubversionSourceControl/Binaries/Win64/UE4Editor-SubversionSourceControl.dll (API version 3944462).
LogModuleManager: Display: Found up-to-date module file ../../../Engine/Plugins/Developer/UObjectPlugin/Binaries/Win64/UE4Editor-UObjectPlugin.dll (API version 3944462).
LogModuleManager: Display: Found up-to-date module file ../../../Engine/Plugins/Developer/VisualStudioCodeSourceCodeAccess/Binaries/Win64/UE4Editor-VisualStudioCodeSourceCodeAccess.dll (API version 3944462).
LogModuleManager: Display: Found up-to-date module file ../../../Engine/Plugins/Developer/VisualStudioSourceCodeAccess/Binaries/Win64/UE4Editor-VisualStudioSourceCodeAccess.dll (API version 3944462).
LogModuleManager: Display: Found up-to-date module file ../../../Engine/Plugins/Editor/AssetManagerEditor/Binaries/Win64/UE4Editor-AssetManagerEditor.dll (API version 3944462).
LogModuleManager: Display: Found up-to-date module file ../../../Engine/Plugins/Editor/CryptoKeys/Binaries/Win64/UE4Editor-CryptoKeys.dll (API version 3944462).
LogModuleManager: Display: Found up-to-date module file ../../../Engine/Plugins/Editor/CryptoKeys/Binaries/Win64/UE4Editor-CryptoKeysOpenSSL.dll (API version 3944462).
LogModuleManager: Display: Found up-to-date module file ../../../Engine/Plugins/Editor/DataValidation/Binaries/Win64/UE4Editor-DataValidation.dll (API version 3944462).
LogModuleManager: Display: Found up-to-date module file ../../../Engine/Plugins/Editor/FacialAnimation/Binaries/Win64/UE4Editor-FacialAnimation.dll (API version 3944462).
LogModuleManager: Display: Found up-to-date module file ../../../Engine/Plugins/Editor/FacialAnimation/Binaries/Win64/UE4Editor-FacialAnimationEditor.dll (API version 3944462).
LogModuleManager: Display: Found up-to-date module file ../../../Engine/Plugins/Editor/GameplayTagsEditor/Binaries/Win64/UE4Editor-GameplayTagsEditor.dll (API version 3944462).
LogModuleManager: Display: Found up-to-date module file ../../../Engine/Plugins/Editor/MobileLauncherProfileWizard/Binaries/Win64/UE4Editor-MobileLauncherProfileWizard.dll (API version 3944462).
LogModuleManager: Display: Found up-to-date module file ../../../Engine/Plugins/Editor/PluginBrowser/Binaries/Win64/UE4Editor-PluginBrowser.dll (API version 3944462).
LogModuleManager: Display: Found up-to-date module file ../../../Engine/Plugins/Editor/SpeedTreeImporter/Binaries/Win64/UE4Editor-SpeedTreeImporter.dll (API version 3944462).
LogModuleManager: Display: Found up-to-date module file ../../../Engine/Plugins/Enterprise/DatasmithContent/Binaries/Win64/UE4Editor-DatasmithContent.dll (API version 3944462).
LogModuleManager: Display: Found up-to-date module file ../../../Engine/Plugins/Experimental/AlembicImporter/Binaries/Win64/UE4Editor-AlembicImporter.dll (API version 3944462).
LogModuleManager: Display: Found up-to-date module file ../../../Engine/Plugins/Experimental/AlembicImporter/Binaries/Win64/UE4Editor-AlembicLibrary.dll (API version 3944462).
LogModuleManager: Display: Found up-to-date module file ../../../Engine/Plugins/Experimental/CharacterAI/Binaries/Win64/UE4Editor-CharacterAI.dll (API version 3944462).
LogModuleManager: Display: Found up-to-date module file ../../../Engine/Plugins/Experimental/HTML5Networking/Binaries/Win64/UE4Editor-HTML5Networking.dll (API version 3944462).
LogModuleManager: Display: Found up-to-date module file ../../../Engine/Plugins/Media/AndroidMedia/Binaries/Win64/UE4Editor-AndroidMediaEditor.dll (API version 3944462).
LogModuleManager: Display: Found up-to-date module file ../../../Engine/Plugins/Media/AndroidMedia/Binaries/Win64/UE4Editor-AndroidMediaFactory.dll (API version 3944462).
LogModuleManager: Display: Found up-to-date module file ../../../Engine/Plugins/Media/AvfMedia/Binaries/Win64/UE4Editor-AvfMediaEditor.dll (API version 3944462).
LogModuleManager: Display: Found up-to-date module file ../../../Engine/Plugins/Media/AvfMedia/Binaries/Win64/UE4Editor-AvfMediaFactory.dll (API version 3944462).
LogModuleManager: Display: Found up-to-date module file ../../../Engine/Plugins/Media/AvfMedia/Binaries/Win64/UE4Editor-AvfMediaFactory.dll (API version 3944462).
LogModuleManager: Display: Found up-to-date module file ../../../Engine/Plugins/Media/ImgMedia/Binaries/Win64/UE4Editor-ImgMedia.dll (API version 3944462).
LogModuleManager: Display: Found up-to-date module file ../../../Engine/Plugins/Media/ImgMedia/Binaries/Win64/UE4Editor-ImgMediaEditor.dll (API version 3944462).
LogModuleManager: Display: Found up-to-date module file ../../../Engine/Plugins/Media/ImgMedia/Binaries/Win64/UE4Editor-ImgMediaFactory.dll (API version 3944462).
LogModuleManager: Display: Found up-to-date module file ../../../Engine/Plugins/Media/ImgMedia/Binaries/Win64/UE4Editor-ImgMediaFactory.dll (API version 3944462).
LogModuleManager: Display: Found up-to-date module file ../../../Engine/Plugins/Media/ImgMedia/Binaries/Win64/UE4Editor-OpenExrWrapper.dll (API version 3944462).
LogModuleManager: Display: Found up-to-date module file ../../../Engine/Plugins/Media/LinearTimecode/Binaries/Win64/UE4Editor-LinearTimecode.dll (API version 3944462).
LogModuleManager: Display: Found up-to-date module file ../../../Engine/Plugins/Media/MediaCompositing/Binaries/Win64/UE4Editor-MediaCompositing.dll (API version 3944462).
LogModuleManager: Display: Found up-to-date module file ../../../Engine/Plugins/Media/MediaCompositing/Binaries/Win64/UE4Editor-MediaCompositingEditor.dll (API version 3944462).
LogModuleManager: Display: Found up-to-date module file ../../../Engine/Plugins/Media/MediaPlayerEditor/Binaries/Win64/UE4Editor-MediaPlayerEditor.dll (API version 3944462).
LogModuleManager: Display: Found up-to-date module file ../../../Engine/Plugins/Media/WmfMedia/Binaries/Win64/UE4Editor-WmfMedia.dll (API version 3944462).
LogModuleManager: Display: Found up-to-date module file ../../../Engine/Plugins/Media/WmfMedia/Binaries/Win64/UE4Editor-WmfMediaEditor.dll (API version 3944462).
LogModuleManager: Display: Found up-to-date module file ../../../Engine/Plugins/Media/WmfMedia/Binaries/Win64/UE4Editor-WmfMediaFactory.dll (API version 3944462).
LogModuleManager: Display: Found up-to-date module file ../../../Engine/Plugins/Media/WmfMedia/Binaries/Win64/UE4Editor-WmfMediaFactory.dll (API version 3944462).
LogModuleManager: Display: Found up-to-date module file ../../../Engine/Plugins/Messaging/TcpMessaging/Binaries/Win64/UE4Editor-TcpMessaging.dll (API version 3944462).
LogModuleManager: Display: Found up-to-date module file ../../../Engine/Plugins/Messaging/UdpMessaging/Binaries/Win64/UE4Editor-UdpMessaging.dll (API version 3944462).
LogModuleManager: Display: Found up-to-date module file ../../../Engine/Plugins/MovieScene/ActorSequence/Binaries/Win64/UE4Editor-ActorSequence.dll (API version 3944462).
LogModuleManager: Display: Found up-to-date module file ../../../Engine/Plugins/MovieScene/LevelSequenceEditor/Binaries/Win64/UE4Editor-LevelSequenceEditor.dll (API version 3944462).
LogModuleManager: Display: Found up-to-date module file ../../../Engine/Plugins/MovieScene/MatineeToLevelSequence/Binaries/Win64/UE4Editor-MatineeToLevelSequence.dll (API version 3944462).
LogModuleManager: Display: Found up-to-date module file ../../../Engine/Plugins/NetcodeUnitTest/NetcodeUnitTest/Binaries/Win64/UE4Editor-NetcodeUnitTest.dll (API version 3944462).
LogModuleManager: Display: Found up-to-date module file ../../../Engine/Plugins/NetcodeUnitTest/NUTUnrealEngine4/Binaries/Win64/UE4Editor-NUTUnrealEngine4.dll (API version 3944462).
LogModuleManager: Display: Found up-to-date module file ../../../Engine/Plugins/Online/OnlineSubsystem/Binaries/Win64/UE4Editor-OnlineSubsystem.dll (API version 3944462).
LogModuleManager: Display: Found up-to-date module file ../../../Engine/Plugins/Online/OnlineSubsystemNull/Binaries/Win64/UE4Editor-OnlineSubsystemNull.dll (API version 3944462).
LogModuleManager: Display: Found up-to-date module file ../../../Engine/Plugins/Online/OnlineSubsystemUtils/Binaries/Win64/UE4Editor-OnlineSubsystemUtils.dll (API version 3944462).
LogModuleManager: Display: Found up-to-date module file ../../../Engine/Plugins/Online/OnlineSubsystemUtils/Binaries/Win64/UE4Editor-OnlineBlueprintSupport.dll (API version 3944462).
LogModuleManager: Display: Found up-to-date module file ../../../Engine/Plugins/Runtime/AndroidDeviceProfileSelector/Binaries/Win64/UE4Editor-AndroidDeviceProfileSelector.dll (API version 3944462).
LogModuleManager: Display: Found up-to-date module file ../../../Engine/Plugins/Runtime/AndroidPermission/Binaries/Win64/UE4Editor-AndroidPermission.dll (API version 3944462).
LogModuleManager: Display: Found up-to-date module file ../../../Engine/Plugins/Runtime/AppleARKit/Binaries/Win64/UE4Editor-AppleARKit.dll (API version 3944462).
LogModuleManager: Display: Found up-to-date module file ../../../Engine/Plugins/Runtime/ArchVisCharacter/Binaries/Win64/UE4Editor-ArchVisCharacter.dll (API version 3944462).
LogModuleManager: Display: Found up-to-date module file ../../../Engine/Plugins/Runtime/AudioCapture/Binaries/Win64/UE4Editor-AudioCapture.dll (API version 3944462).
LogModuleManager: Display: Found up-to-date module file ../../../Engine/Plugins/Runtime/AudioCapture/Binaries/Win64/UE4Editor-AudioCaptureEditor.dll (API version 3944462).
LogModuleManager: Display: Found up-to-date module file ../../../Engine/Plugins/Runtime/CableComponent/Binaries/Win64/UE4Editor-CableComponent.dll (API version 3944462).
LogModuleManager: Display: Found up-to-date module file ../../../Engine/Plugins/Runtime/CustomMeshComponent/Binaries/Win64/UE4Editor-CustomMeshComponent.dll (API version 3944462).
LogModuleManager: Display: Found up-to-date module file ../../../Engine/Plugins/Runtime/ExampleDeviceProfileSelector/Binaries/Win64/UE4Editor-ExampleDeviceProfileSelector.dll (API version 3944462).
LogModuleManager: Display: Found up-to-date module file ../../../Engine/Plugins/Runtime/ImmediatePhysics/Binaries/Win64/UE4Editor-ImmediatePhysics.dll (API version 3944462).
LogModuleManager: Display: Found up-to-date module file ../../../Engine/Plugins/Runtime/ImmediatePhysics/Binaries/Win64/UE4Editor-ImmediatePhysicsEditor.dll (API version 3944462).
LogModuleManager: Display: Found up-to-date module file ../../../Engine/Plugins/Runtime/LocationServicesBPLibrary/Binaries/Win64/UE4Editor-LocationServicesBPLibrary.dll (API version 3944462).
LogModuleManager: Display: Found up-to-date module file ../../../Engine/Plugins/Runtime/MobilePatchingUtils/Binaries/Win64/UE4Editor-MobilePatchingUtils.dll (API version 3944462).
LogModuleManager: Display: Found up-to-date module file ../../../Engine/Plugins/Runtime/Oculus/OculusVR/Binaries/Win64/UE4Editor-OculusHMD.dll (API version 3944462).
LogModuleManager: Display: Found up-to-date module file ../../../Engine/Plugins/Runtime/Oculus/OculusVR/Binaries/Win64/UE4Editor-OculusInput.dll (API version 3944462).
LogModuleManager: Display: Found up-to-date module file ../../../Engine/Plugins/Runtime/Oculus/OculusVR/Binaries/Win64/UE4Editor-OculusEditor.dll (API version 3944462).
LogModuleManager: Display: Found up-to-date module file ../../../Engine/Plugins/Runtime/PhysXVehicles/Binaries/Win64/UE4Editor-PhysXVehicles.dll (API version 3944462).
LogModuleManager: Display: Found up-to-date module file ../../../Engine/Plugins/Runtime/PhysXVehicles/Binaries/Win64/UE4Editor-PhysXVehiclesEditor.dll (API version 3944462).
LogModuleManager: Display: Found up-to-date module file ../../../Engine/Plugins/Runtime/ProceduralMeshComponent/Binaries/Win64/UE4Editor-ProceduralMeshComponent.dll (API version 3944462).
LogModuleManager: Display: Found up-to-date module file ../../../Engine/Plugins/Runtime/ProceduralMeshComponent/Binaries/Win64/UE4Editor-ProceduralMeshComponentEditor.dll (API version 3944462).
LogModuleManager: Display: Found up-to-date module file ../../../Engine/Plugins/Runtime/RuntimePhysXCooking/Binaries/Win64/UE4Editor-RuntimePhysXCooking.dll (API version 3944462).
LogModuleManager: Display: Found up-to-date module file ../../../Engine/Plugins/Runtime/Steam/SteamVR/Binaries/Win64/UE4Editor-SteamVR.dll (API version 3944462).
LogModuleManager: Display: Found up-to-date module file ../../../Engine/Plugins/Runtime/Steam/SteamVR/Binaries/Win64/UE4Editor-SteamVRController.dll (API version 3944462).
LogModuleManager: Display: Found up-to-date module file ../../../Engine/Plugins/Runtime/WindowsMoviePlayer/Binaries/Win64/UE4Editor-WindowsMoviePlayer.dll (API version 3944462).
LogInit: Using libcurl 7.47.1
LogInit:  - built for x86_64-pc-win32
LogInit:  - supports SSL with OpenSSL/1.0.2g
LogInit:  - supports HTTP deflate (compression) using libz 1.2.8
LogInit:  - other features:
LogInit:      CURL_VERSION_SSL
LogInit:      CURL_VERSION_LIBZ
LogInit:      CURL_VERSION_IPV6
LogInit:      CURL_VERSION_ASYNCHDNS
LogInit:      CURL_VERSION_LARGEFILE
LogInit:      CURL_VERSION_IDN
LogInit:  CurlRequestOptions (configurable via config and command line):
LogInit:  - bVerifyPeer = false  - Libcurl will NOT verify peer certificate
LogInit:  - bUseHttpProxy = false  - Libcurl will NOT use HTTP proxy
LogInit:  - bDontReuseConnections = false  - Libcurl will reuse connections
LogInit:  - CertBundlePath = nullptr  - Libcurl will use whatever was configured at build time.
LogInit:  - MaxHostConnections = 16  - Libcurl will limit the number of connections to a host
LogInit:  - LocalHostAddr = Default
LogInit: WinSock: version 1.1 (2.2), MaxSocks=32767, MaxUdp=65467
LogInit: WinSock: I am DESKTOP-QD760BN (192.168.0.19:0)
LogInit: Build: ++UE4+Release-4.19-CL-4033788
LogInit: Engine Version: 4.19.2-4033788+++UE4+Release-4.19
LogInit: Compatible Engine Version: 4.19.0-3944462+++UE4+Release-4.19
LogInit: Net CL: 3944462
LogDevObjectVersion: Number of dev versions registered: 18
LogDevObjectVersion:   Dev-Blueprints (B0D832E4-1F89-4F0D-ACCF-7EB736FD4AA2): 10
LogDevObjectVersion:   Dev-Build (E1C64328-A22C-4D53-A36C-8E866417BD8C): 0
LogDevObjectVersion:   Dev-Core (375EC13C-06E4-48FB-B500-84F0262A717E): 2
LogDevObjectVersion:   Dev-Editor (E4B068ED-F494-42E9-A231-DA0B2E46BB41): 23
LogDevObjectVersion:   Dev-Framework (CFFC743F-43B0-4480-9391-14DF171D2073): 33
LogDevObjectVersion:   Dev-Mobile (B02B49B5-BB20-44E9-A304-32B752E40360): 2
LogDevObjectVersion:   Dev-Networking (A4E4105C-59A1-49B5-A7C5-40C4547EDFEE): 0
LogDevObjectVersion:   Dev-Online (39C831C9-5AE6-47DC-9A44-9C173E1C8E7C): 0
LogDevObjectVersion:   Dev-Physics (78F01B33-EBEA-4F98-B9B4-84EACCB95AA2): 0
LogDevObjectVersion:   Dev-Platform (6631380F-2D4D-43E0-8009-CF276956A95A): 0
LogDevObjectVersion:   Dev-Rendering (12F88B9F-8875-4AFC-A67C-D90C383ABD29): 25
LogDevObjectVersion:   Dev-Sequencer (7B5AE74C-D270-4C10-A958-57980B212A5A): 6
LogDevObjectVersion:   Dev-VR (D7296918-1DD6-4BDD-9DE2-64A83CC13884): 1
LogDevObjectVersion:   Dev-LoadTimes (C2A15278-BFE7-4AFE-6C17-90FF531DF755): 1
LogDevObjectVersion:   Private-Geometry (6EACA3D4-40EC-4CC1-B786-8BED09428FC5): 2
LogDevObjectVersion:   Dev-AnimPhys (29E575DD-E0A3-4627-9D10-D276232CDCEA): 16
LogDevObjectVersion:   Dev-ReflectionCapture (6B266CEC-1EC7-4B8F-A30B-E4D90942FC07): 1
LogDevObjectVersion:   Dev-Automation (0DF73D61-A23F-47EA-B727-89E90C41499A): 1
LogInit: Compiled (64-bit): Apr 27 2018 02:06:57
LogInit: Compiled with Visual C++: 19.00.24215.01
LogInit: Build Configuration: Development
LogInit: Branch Name: ++UE4+Release-4.19
LogInit: Command Line: -EpicPortal 
LogInit: Base Directory: C:/Program Files/Epic Games/UE_4.19/Engine/Binaries/Win64/
LogInit: Installed Engine Build: 1
LogStreaming: Display: Took  0.000s to delete old logs.
LogInit: Presizing for max 8388607 objects, including 0 objects not considered by GC, pre-allocating 0 bytes for permanent pool.
LogInit: Object subsystem initialized
[2018.10.15-01.04.30:892][  0]LogInit: Selected Device Profile: [Windows]
[2018.10.15-01.04.30:892][  0]LogInit: Applying CVar settings loaded from the selected device profile: [Windows]
[2018.10.15-01.04.30:904][  0]LogInit: Computer: DESKTOP-QD760BN
[2018.10.15-01.04.30:904][  0]LogInit: User: saket
[2018.10.15-01.04.30:904][  0]LogInit: CPU Page size=4096, Cores=4
[2018.10.15-01.04.30:904][  0]LogInit: High frequency timer resolution =2.742191 MHz
[2018.10.15-01.04.30:904][  0]LogMemory: Memory total: Physical=15.9GB (16GB approx)
[2018.10.15-01.04.30:904][  0]LogMemory: Platform Memory Stats for Windows
[2018.10.15-01.04.30:904][  0]LogMemory: Process Physical Memory: 274.14 MB used, 274.14 MB peak
[2018.10.15-01.04.30:904][  0]LogMemory: Process Virtual Memory: 264.90 MB used, 264.90 MB peak
[2018.10.15-01.04.30:904][  0]LogMemory: Physical Memory: 7834.67 MB used,  8432.93 MB free, 16267.60 MB total
[2018.10.15-01.04.30:904][  0]LogMemory: Virtual Memory: 4795.30 MB used,  8432.93 MB free, 134217728.00 MB total
[2018.10.15-01.04.30:923][  0]LogInit: Using OS detected language (en-US).
[2018.10.15-01.04.30:923][  0]LogInit: Using OS detected locale (en-US).
[2018.10.15-01.04.30:926][  0]LogTextLocalizationManager: No specific localization for 'en-US' exists, so the 'en' localization will be used.
[2018.10.15-01.04.31:401][  0]LogStreaming: Display: Took  0.477s to EndInitTextLocalization.
[2018.10.15-01.04.31:401][  0]LogInit: Setting process to per monitor DPI aware
[2018.10.15-01.04.31:428][  0]LogSlate: New Slate User Created.  User Index 0, Is Virtual User: 0
[2018.10.15-01.04.31:428][  0]LogSlate: Slate User Registered.  User Index 0, Is Virtual User: 0
[2018.10.15-01.04.31:627][  0]LogD3D11RHI: D3D11 adapters:
[2018.10.15-01.04.31:676][  0]LogD3D11RHI:    0. 'NVIDIA GeForce GTX 1060' (Feature Level 11_0)
[2018.10.15-01.04.31:676][  0]LogD3D11RHI:       6061/0/8133 MB DedicatedVideo/DedicatedSystem/SharedSystem, Outputs:1, VendorId:0x10de
[2018.10.15-01.04.31:683][  0]LogD3D11RHI:    1. 'Intel(R) HD Graphics 630' (Feature Level 11_0)
[2018.10.15-01.04.31:683][  0]LogD3D11RHI:       128/0/8133 MB DedicatedVideo/DedicatedSystem/SharedSystem, Outputs:0, VendorId:0x8086
[2018.10.15-01.04.31:685][  0]LogD3D11RHI:    2. 'Microsoft Basic Render Driver' (Feature Level 11_0)
[2018.10.15-01.04.31:685][  0]LogD3D11RHI:       0/0/8133 MB DedicatedVideo/DedicatedSystem/SharedSystem, Outputs:0, VendorId:0x1414
[2018.10.15-01.04.31:685][  0]LogD3D11RHI: Chosen D3D11 Adapter: 0
[2018.10.15-01.04.31:702][  0]LogD3D11RHI: Creating new Direct3DDevice
[2018.10.15-01.04.31:702][  0]LogD3D11RHI:     GPU DeviceId: 0x1c20 (for the marketing name, search the web for "GPU Device Id")
[2018.10.15-01.04.31:702][  0]LogWindows: EnumDisplayDevices:
[2018.10.15-01.04.31:702][  0]LogWindows:    0. 'Intel(R) HD Graphics 630' (P:1 D:1)
[2018.10.15-01.04.31:702][  0]LogWindows:    1. 'Intel(R) HD Graphics 630' (P:0 D:0)
[2018.10.15-01.04.31:702][  0]LogWindows:    2. 'Intel(R) HD Graphics 630' (P:0 D:0)
[2018.10.15-01.04.31:703][  0]LogWindows:    3. 'NVIDIA GeForce GTX 1060' (P:0 D:0)
[2018.10.15-01.04.31:703][  0]LogWindows: DebugString: GetVideoDriverDetailsInvalid PrimaryIsNotTheChoosenAdapter GetVideoDriverDetailsInvalid PrimaryIsNotTheChoosenAdapter GetVideoDriverDetailsInvalid PrimaryIsNotTheChoosenAdapter GetVideoDriverDetailsInvalid PrimaryIsNotTheChoosenAdapter FoundDriverCount:0 
[2018.10.15-01.04.31:703][  0]LogD3D11RHI:     Adapter Name: NVIDIA GeForce GTX 1060
[2018.10.15-01.04.31:703][  0]LogD3D11RHI:   Driver Version: Unknown (internal:Unknown, unified:Unknown)
[2018.10.15-01.04.31:703][  0]LogD3D11RHI:      Driver Date: Unknown
[2018.10.15-01.04.31:703][  0]LogRHI: Texture pool is 4242 MB (70% of 6061 MB)
[2018.10.15-01.04.31:731][  0]LogD3D11RHI: [Aftermath] Aftermath enabled but failed to initialize
[2018.10.15-01.04.31:731][  0]LogD3D11RHI: [Aftermath] Aftermath enabled and primed
[2018.10.15-01.04.31:731][  0]LogD3D11RHI: Async texture creation enabled
[2018.10.15-01.04.31:741][  0]LogD3D11RHI: GPU Timing Frequency: 1000.000000 (Debug: 2 1)
[2018.10.15-01.04.31:742][  0]LogShaderCompilers: Guid format shader working directory is -31 characters bigger than the processId version (../../../../../../Users/saket/source/repos/Section_02/BattleTanks/BattleTanks/Intermediate/Shaders/WorkingDirectory/1808/).
[2018.10.15-01.04.31:742][  0]LogShaderCompilers: Cleaned the shader compiler working directory 'C:/Users/saket/AppData/Local/Temp/UnrealShaderWorkingDir/C0EDC31D45E9C612CD4129AD5FE63C8C/'.
[2018.10.15-01.04.31:957][  0]LogTemp: Display: Loaded TP AllDesktopTargetPlatform
[2018.10.15-01.04.31:973][  0]LogTemp: Display: Loaded TP MacClientTargetPlatform
[2018.10.15-01.04.31:988][  0]LogTemp: Display: Loaded TP MacNoEditorTargetPlatform
[2018.10.15-01.04.32:001][  0]LogTemp: Display: Loaded TP MacServerTargetPlatform
[2018.10.15-01.04.32:016][  0]LogTemp: Display: Loaded TP MacTargetPlatform
[2018.10.15-01.04.32:030][  0]LogTemp: Display: Loaded TP WindowsClientTargetPlatform
[2018.10.15-01.04.32:044][  0]LogTemp: Display: Loaded TP WindowsNoEditorTargetPlatform
[2018.10.15-01.04.32:059][  0]LogTemp: Display: Loaded TP WindowsServerTargetPlatform
[2018.10.15-01.04.32:066][  0]LogTemp: Display: Loaded TP WindowsTargetPlatform
[2018.10.15-01.04.32:078][  0]LogTemp: Display: Loaded TP Android_ASTCTargetPlatform
[2018.10.15-01.04.32:092][  0]LogTemp: Display: Loaded TP Android_ATCTargetPlatform
[2018.10.15-01.04.32:107][  0]LogTemp: Display: Loaded TP Android_DXTTargetPlatform
[2018.10.15-01.04.32:118][  0]LogTemp: Display: Loaded TP Android_ETC1aTargetPlatform
[2018.10.15-01.04.32:131][  0]LogTemp: Display: Loaded TP Android_ETC1TargetPlatform
[2018.10.15-01.04.32:144][  0]LogTemp: Display: Loaded TP Android_ETC2TargetPlatform
[2018.10.15-01.04.32:169][  0]LogTemp: Display: Loaded TP Android_MultiTargetPlatform
[2018.10.15-01.04.32:169][  0]LogTemp: Display: Loaded TP Android_PVRTCTargetPlatform
[2018.10.15-01.04.32:186][  0]LogTemp: Display: Loaded TP AndroidTargetPlatform
[2018.10.15-01.04.32:188][  0]LogTemp: Display: Loaded TP HTML5TargetPlatform
[2018.10.15-01.04.32:227][  0]LogTemp: Display: Loaded TP IOSTargetPlatform
[2018.10.15-01.04.32:243][  0]LogTemp: Display: Loaded TP TVOSTargetPlatform
[2018.10.15-01.04.32:254][  0]LogTemp: Display: Loaded TP LinuxClientTargetPlatform
[2018.10.15-01.04.32:267][  0]LogTemp: Display: Loaded TP LinuxNoEditorTargetPlatform
[2018.10.15-01.04.32:279][  0]LogTemp: Display: Loaded TP LinuxServerTargetPlatform
[2018.10.15-01.04.32:292][  0]LogTemp: Display: Loaded TP LinuxTargetPlatform
[2018.10.15-01.04.32:292][  0]LogTargetPlatformManager: Display: Building Assets For Windows
[2018.10.15-01.04.32:409][  0]LogXGEController: Cannot use XGE Controller as Incredibuild is not installed on this machine.
[2018.10.15-01.04.32:409][  0]LogShaderCompilers: Cannot use XGE Shader Compiler as Incredibuild is not installed on this machine.
[2018.10.15-01.04.32:409][  0]LogShaderCompilers: Display: Using Local Shader Compiler.
[2018.10.15-01.04.33:172][  0]LogDerivedDataCache: Display: Max Cache Size: 512 MB
[2018.10.15-01.04.33:239][  0]LogDerivedDataCache: Loaded boot cache 0.07s 74MB C:/Users/saket/AppData/Local/UnrealEngine/4.19/DerivedDataCache/Boot.ddc.
[2018.10.15-01.04.33:240][  0]LogDerivedDataCache: Display: Loaded Boot cache: C:/Users/saket/AppData/Local/UnrealEngine/4.19/DerivedDataCache/Boot.ddc
[2018.10.15-01.04.33:240][  0]LogDerivedDataCache: FDerivedDataBackendGraph:  Pak pak cache file ../../../../../../Users/saket/source/repos/Section_02/BattleTanks/BattleTanks/DerivedDataCache/DDC.ddp not found, will not use a pak cache.
[2018.10.15-01.04.33:240][  0]LogDerivedDataCache: Unable to find inner node Pak for hierarchical cache Hierarchy.
[2018.10.15-01.04.33:240][  0]LogDerivedDataCache: FDerivedDataBackendGraph:  CompressedPak pak cache file ../../../../../../Users/saket/source/repos/Section_02/BattleTanks/BattleTanks/DerivedDataCache/Compressed.ddp not found, will not use a pak cache.
[2018.10.15-01.04.33:240][  0]LogDerivedDataCache: Unable to find inner node CompressedPak for hierarchical cache Hierarchy.
[2018.10.15-01.04.33:255][  0]LogDerivedDataCache: Display: Pak cache opened for reading ../../../Engine/DerivedDataCache/Compressed.ddp.
[2018.10.15-01.04.33:268][  0]LogDerivedDataCache: Using Local data cache path C:/Users/saket/AppData/Local/UnrealEngine/Common/DerivedDataCache: Writable
[2018.10.15-01.04.33:268][  0]LogDerivedDataCache: Shared data cache path not found in *engine.ini, will not use an Shared cache.
[2018.10.15-01.04.33:268][  0]LogDerivedDataCache: Unable to find inner node Shared for hierarchical cache Hierarchy.
[2018.10.15-01.04.33:280][  0]LogMaterial: Verifying Global Shaders for PCD3D_SM5
[2018.10.15-01.04.33:280][  0]LogSlate: Using Freetype 2.6.0
[2018.10.15-01.04.33:281][  0]LogSlate: SlateFontCache - WITH_FREETYPE: 1, WITH_HARFBUZZ: 1
[2018.10.15-01.04.33:281][  0]LogSlate: SlateFontCache - WITH_FREETYPE: 1, WITH_HARFBUZZ: 1
[2018.10.15-01.04.33:401][  0]LogAssetRegistry: FAssetRegistry took 0.0264 seconds to start up
[2018.10.15-01.04.33:782][  0]LogInit: Selected Device Profile: [Windows]
[2018.10.15-01.04.33:962][  0]LogSimplygon: Simplygon DLL not present - disabling.
[2018.10.15-01.04.33:965][  0]LogMeshReduction: Using SimplygonSwarm for distributed automatic mesh merging
[2018.10.15-01.04.33:965][  0]LogMeshReduction: Using QuadricMeshReduction for automatic static mesh reduction
[2018.10.15-01.04.33:965][  0]LogMeshReduction: No automatic skeletal mesh reduction module available
[2018.10.15-01.04.33:965][  0]LogMeshReduction: No automatic mesh merging module available
[2018.10.15-01.04.33:965][  0]LogMeshMerging: No automatic mesh merging module available
[2018.10.15-01.04.33:997][  0]LogNetVersion: BattleTanks , NetCL: 3944462, EngineNetVer: 2, GameNetVer: 0 (Checksum: 1349757113)
[2018.10.15-01.04.34:512][  0]LogPackageLocalizationCache: Processed 9 localized package path(s) for 2 prioritized culture(s) in 0.092944 seconds
[2018.10.15-01.04.34:517][  0]LogUObjectArray: 36728 objects as part of root set at end of initial load.
[2018.10.15-01.04.34:517][  0]LogUObjectAllocator: 7314312 out of 0 bytes used by permanent object pool.
[2018.10.15-01.04.34:517][  0]LogUObjectArray: CloseDisregardForGC: 0/0 objects in disregard for GC pool
[2018.10.15-01.04.36:430][  0]LogTcpMessaging: Initializing TcpMessaging bridge
[2018.10.15-01.04.36:479][  0]LogUdpMessaging: Initializing bridge on interface 0.0.0.0:0 to multicast group 230.0.0.1:6666.
[2018.10.15-01.04.36:905][  0]SourceControl: Source control is disabled
[2018.10.15-01.04.36:905][  0]SourceControl: Source control is disabled
[2018.10.15-01.04.36:925][  0]SourceControl: Source control is disabled
[2018.10.15-01.04.36:943][  0]SourceControl: Source control is disabled
[2018.10.15-01.04.37:499][  0]LogAndroidPermission: UAndroidPermissionCallbackProxy::GetInstance
[2018.10.15-01.04.37:683][  0]LogOcInput: OculusInput pre-init called
[2018.10.15-01.04.37:802][  0]LogEngine: Initializing Engine...
[2018.10.15-01.04.37:803][  0]LogHMD: Failed to initialize OpenVR with code 110
[2018.10.15-01.04.37:805][  0]LogStats: UGameplayTagsManager::ConstructGameplayTagTree: Construct from data asset -  0.000 s
[2018.10.15-01.04.37:805][  0]LogStats: UGameplayTagsManager::ConstructGameplayTagTree: GameplayTagTreeChangedEvent.Broadcast -  0.000 s
[2018.10.15-01.04.38:048][  0]LogAIModule: Creating AISystem for world Untitled
[2018.10.15-01.04.38:122][  0]LogInit: XAudio2 using 'Headphones (Mpow H5 Stereo)' : 2 channels at 44.1 kHz using 16 bits per sample (channel mask 0x3)
[2018.10.15-01.04.38:134][  0]LogInit: FAudioDevice initialized.
[2018.10.15-01.04.38:291][  0]LogDerivedDataCache: Saved boot cache 0.16s 74MB C:/Users/saket/AppData/Local/UnrealEngine/4.19/DerivedDataCache/Boot.ddc.
[2018.10.15-01.04.38:309][  0]LogInit: Texture streaming: Enabled
[2018.10.15-01.04.38:332][  0]LogEngineSessionManager: EngineSessionManager initialized
[2018.10.15-01.04.38:351][  0]LogInit: Transaction tracking system initialized
[2018.10.15-01.04.38:384][  0]BlueprintLog: New page: Editor Load
[2018.10.15-01.04.38:531][  0]LocalizationService: Localization service is disabled
[2018.10.15-01.04.38:667][  0]LogConsoleResponse: Display: 
[2018.10.15-01.04.38:837][  0]LogFileCache: Scanning file cache for directory 'C:/Users/saket/source/repos/Section_02/BattleTanks/BattleTanks/Content/' took 0.01s
[2018.10.15-01.04.38:837][  0]LogCook: Display: Max memory allowance for cook 16384mb min free memory 0mb
[2018.10.15-01.04.38:837][  0]LogCook: Display: Mobile HDR setting 1
[2018.10.15-01.04.38:837][  0]LogGameplayTags: Display: UGameplayTagsManager::DoneAddingNativeTags. DelegateIsBound: 0
[2018.10.15-01.04.38:837][  0]LogStats: UGameplayTagsManager::ConstructGameplayTagTree: Construct from data asset -  0.000 s
[2018.10.15-01.04.38:837][  0]LogStats: UGameplayTagsManager::ConstructGameplayTagTree: GameplayTagTreeChangedEvent.Broadcast -  0.000 s
[2018.10.15-01.04.39:271][  0]SourceControl: Source control is disabled
[2018.10.15-01.04.39:272][  0]Cmd: MAP LOAD FILE="../../../Engine/Content/Maps/Templates/Template_Default.umap" TEMPLATE=1 SHOWPROGRESS=1 FEATURELEVEL=3
[2018.10.15-01.04.39:272][  0]LightingResults: New page: Lighting Build
[2018.10.15-01.04.39:276][  0]MapCheck: New page: Map Check
[2018.10.15-01.04.39:276][  0]LightingResults: New page: Lighting Build
[2018.10.15-01.04.39:499][  0]LogAIModule: Creating AISystem for world Untitled_1
[2018.10.15-01.04.39:507][  0]LogEditorServer: Finished looking for orphan Actors (0.000 secs)
[2018.10.15-01.04.39:521][  0]Cmd: MAP CHECKDEP NOCLEARLOG
[2018.10.15-01.04.39:574][  0]MapCheck: Map check complete: 0 Error(s), 0 Warning(s), took 52.849ms to complete.
[2018.10.15-01.04.39:574][  0]LogFileHelpers: Loading map 'Template_Default' took 0.303
[2018.10.15-01.04.39:655][  0]LogCollectionManager: Loaded 0 collections in 0.002338 seconds
[2018.10.15-01.04.39:697][  0]LogFileCache: Scanning file cache for directory 'C:/Users/saket/source/repos/Section_02/BattleTanks/BattleTanks/Saved/Collections/' took 0.01s
[2018.10.15-01.04.39:697][  0]LogFileCache: Scanning file cache for directory 'C:/Users/saket/source/repos/Section_02/BattleTanks/BattleTanks/Content/Developers/saket/Collections/' took 0.01s
[2018.10.15-01.04.39:697][  0]LogFileCache: Scanning file cache for directory 'C:/Users/saket/source/repos/Section_02/BattleTanks/BattleTanks/Content/Collections/' took 0.01s
[2018.10.15-01.04.39:697][  0]LogCollectionManager: Rebuilt the GUID cache for 0 collections in 0.000000 seconds
[2018.10.15-01.04.39:709][  0]LogContentBrowser: Native class hierarchy populated in 0.0116 seconds. Added 2453 classes and 560 folders.
[2018.10.15-01.04.39:717][  0]LogContentBrowser: Native class hierarchy updated for 'WidgetCarousel' in 0.0007 seconds. Added 0 classes and 0 folders.
[2018.10.15-01.04.40:140][  0]LogContentBrowser: Native class hierarchy updated for 'AddContentDialog' in 0.0007 seconds. Added 0 classes and 0 folders.
[2018.10.15-01.04.40:146][  0]LogContentBrowser: Native class hierarchy updated for 'SceneOutliner' in 0.0006 seconds. Added 1 classes and 2 folders.
[2018.10.15-01.04.40:237][  0]LogSlate: Took 0.000194 seconds to synchronously load lazily loaded font '../../../Engine/Content/Slate/Fonts/Roboto-Regular.ttf' (155K)
[2018.10.15-01.04.40:243][  0]LogSlate: Took 0.000162 seconds to synchronously load lazily loaded font '../../../Engine/Content/Slate/Fonts/Roboto-Bold.ttf' (160K)
[2018.10.15-01.04.40:252][  0]LogSlate: Took 0.006153 seconds to synchronously load lazily loaded font '../../../Engine/Content/Editor/Slate/Fonts/FontAwesome.ttf' (139K)
[2018.10.15-01.04.40:259][  0]LogSlate: Took 0.006539 seconds to synchronously load lazily loaded font '../../../Engine/Content/Slate/Fonts/DroidSansMono.ttf' (77K)
[2018.10.15-01.04.40:399][  0]LogRenderer: Reallocating scene render targets to support 1212x528 Format 10 NumSamples 1 (Frame:1).
[2018.10.15-01.04.40:577][  0]LogContentBrowser: Native class hierarchy updated for 'HierarchicalLODOutliner' in 0.0007 seconds. Added 0 classes and 0 folders.
[2018.10.15-01.04.40:577][  0]LogLoad: (Engine Initialization) Total time: 13.09 seconds
[2018.10.15-01.04.40:578][  0]LogLoad: (Engine Initialization) Total Blueprint compile time: 0.00 seconds
[2018.10.15-01.04.40:943][  0]LogContentStreaming: Texture pool size now 1000 MB
[2018.10.15-01.04.42:256][  4]LogAssetRegistry: Asset discovery search completed in 8.8769 seconds
[2018.10.15-01.04.42:258][  4]LogCollectionManager: Rebuilt the object cache for 0 collections in 0.000000 seconds (found 0 objects)
[2018.10.15-01.04.42:258][  4]LogCollectionManager: Fixed up redirectors for 0 collections in 0.000224 seconds (updated 0 objects)
[2018.10.15-01.05.02:032][197]LogSlate: FSceneViewport::OnFocusLost() reason 0
[2018.10.15-01.05.02:082][200]LogTemp: Repeating last play command: Selected Viewport
[2018.10.15-01.05.02:091][200]LogPlayLevel: PlayLevel: No blueprints needed recompiling
[2018.10.15-01.05.02:094][200]PIE: New page: PIE session: Untitled_1 (Oct 14, 2018, 11:05:02 AM)
[2018.10.15-01.05.02:094][200]LogPlayLevel: Creating play world package: /Temp/UEDPIE_0_Untitled_1
[2018.10.15-01.05.02:097][200]LogPlayLevel: PIE: StaticDuplicateObject took: (0.002628s)
[2018.10.15-01.05.02:098][200]LogAIModule: Creating AISystem for world Untitled_1
[2018.10.15-01.05.02:098][200]LogPlayLevel: PIE: World Init took: (0.001096s)
[2018.10.15-01.05.02:098][200]LogPlayLevel: PIE: Created PIE world by copying editor world from /Temp/Untitled_1.Untitled_1 to /Temp/UEDPIE_0_Untitled_1.Untitled_1 (0.004289s)
[2018.10.15-01.05.02:118][200]LogInit: XAudio2 using 'Headphones (Mpow H5 Stereo)' : 2 channels at 44.1 kHz using 16 bits per sample (channel mask 0x3)
[2018.10.15-01.05.02:125][200]LogInit: FAudioDevice initialized.
[2018.10.15-01.05.02:176][200]LogLoad: Game class is 'GameModeBase'
[2018.10.15-01.05.02:178][200]LogWorld: Bringing World /Temp/UEDPIE_0_Untitled_1.Untitled_1 up for play (max tick rate 60) at 2018.10.14-18.05.02
[2018.10.15-01.05.02:179][200]LogWorld: Bringing up level for play took: 0.000790
[2018.10.15-01.05.02:184][200]LogContentBrowser: Native class hierarchy updated for 'MovieSceneCapture' in 0.0009 seconds. Added 11 classes and 0 folders.
[2018.10.15-01.05.02:185][200]PIE: Play in editor start time for /Temp/UEDPIE_0_Untitled_1 0.122
[2018.10.15-01.05.51:301][143]LogSlate: FSceneViewport::OnFocusLost() reason 0
[2018.10.15-02.00.29:660][627]LogSlate: FSceneViewport::OnFocusLost() reason 2
[2018.10.15-02.00.32:515][797]LogSlate: FSceneViewport::OnFocusLost() reason 2
[2018.10.15-02.00.39:624][797]LogSlate: Window 'Save Level As' being destroyed
[2018.10.15-02.00.41:431][797]LogSlate: Took 0.004220 seconds to synchronously load lazily loaded font '../../../Engine/Content/Slate/Fonts/Roboto-Light.ttf' (167K)
[2018.10.15-02.00.41:515][797]LogSavePackage: Save=32.21ms
[2018.10.15-02.00.41:515][797]LogSavePackage: Moving '../../../../../../Users/saket/source/repos/Section_02/BattleTanks/BattleTanks/Saved/BattleGround30F42B6C40B3C304A20316931461FD65.tmp' to '../../../../../../Users/saket/source/repos/Section_02/BattleTanks/BattleTanks/Content/BattleGround.umap'
[2018.10.15-02.00.41:517][797]LogSavePackage: Display: Finished SavePackage ../../../../../../Users/saket/source/repos/Section_02/BattleTanks/BattleTanks/Content/BattleGround.umap
[2018.10.15-02.00.41:543][797]Cmd: OBJ SAVEPACKAGE PACKAGE="/Game/BattleGround_BuiltData" FILE="../../../../../../Users/saket/source/repos/Section_02/BattleTanks/BattleTanks/Content/BattleGround_BuiltData.uasset" SILENT=true
[2018.10.15-02.00.41:587][797]LogSavePackage: Save=35.21ms
[2018.10.15-02.00.41:587][797]LogSavePackage: Moving '../../../../../../Users/saket/source/repos/Section_02/BattleTanks/BattleTanks/Saved/BattleGround_BuiltDataF34903D04D45EC51D47103A0F67FBBCD.tmp' to '../../../../../../Users/saket/source/repos/Section_02/BattleTanks/BattleTanks/Content/BattleGround_BuiltData.uasset'
[2018.10.15-02.00.41:590][797]LogSavePackage: Display: Finished SavePackage ../../../../../../Users/saket/source/repos/Section_02/BattleTanks/BattleTanks/Content/BattleGround_BuiltData.uasset
[2018.10.15-02.00.41:594][797]LogFileHelpers: Saving map 'BattleGround' took 1.963
[2018.10.15-02.00.56:307][911]LogSlate: FSceneViewport::OnFocusLost() reason 2
[2018.10.15-02.00.57:126][960]LogSlate: FSceneViewport::OnFocusLost() reason 2
[2018.10.15-02.00.58:364][960]LogSlate: Only BGRA pngs, bmps or icos are supported in by External Image Picker
[2018.10.15-02.00.58:486][961]LogTemp: Executing iPhonePackager certificates Engine -bundlename com.YourCompany.BattleTanks
[2018.10.15-02.00.58:487][961]LogTemp: CWD: C:\Program Files\Epic Games\UE_4.19\Engine\Binaries\DotNET\IOS
[2018.10.15-02.00.58:487][961]LogTemp: Initial Dir: C:\Program Files\Epic Games\UE_4.19
[2018.10.15-02.00.58:487][961]LogTemp: Env CWD: C:\Program Files\Epic Games\UE_4.19\Engine\Binaries\DotNET\IOS
[2018.10.15-02.00.58:487][961]LogTemp: BranchPath = DESKTOP-QD760BN/C/Program Files/Epic Games/UE_4.19/Engine/Binaries --- GameBranchPath = DESKTOP-QD760BN/C/Program Files/Epic Games/UE_4.19/Engine/Binaries
[2018.10.15-02.00.58:487][961]LogTemp: IPP ERROR: Could not find provision directory 'C:\Users\saket\AppData\Local/Apple Computer/MobileDevice/Provisioning Profiles/'.
[2018.10.15-02.01.38:619][775]LogSlate: Window 'Project Settings' being destroyed
[2018.10.15-02.01.38:624][775]LogSlate: Window 'Project Settings' being destroyed
[2018.10.15-02.01.51:183][993]LogEditorViewport: Clicking on Actor (LMB): StaticMeshActor (Floor)
[2018.10.15-02.01.52:155][ 48]LogSlate: FSceneViewport::OnFocusLost() reason 0
[2018.10.15-02.01.54:162][168]LogEditorViewport: Clicking on Actor (LMB): StaticMeshActor (Floor)
[2018.10.15-02.01.55:170][228]LogEditorViewport: Clicking on Actor (LMB): StaticMeshActor (Floor)
[2018.10.15-02.01.55:265][233]LogEditorViewport: Clicking on Component (LMB): StaticMeshComponent (StaticMeshComponent0)
[2018.10.15-02.01.55:609][253]LogEditorViewport: Clicking on Component (LMB): StaticMeshComponent (StaticMeshComponent0)
[2018.10.15-02.02.01:771][526]LogSlate: FSceneViewport::OnFocusLost() reason 2
[2018.10.15-02.02.03:855][651]LogEditorViewport: Clicking on Component (LMB): StaticMeshComponent (StaticMeshComponent0)
[2018.10.15-02.02.07:279][856]LogSlate: FSceneViewport::OnFocusLost() reason 0
[2018.10.15-02.02.20:382][639]Cmd: DELETE
[2018.10.15-02.02.20:382][639]Cmd: ACTOR DELETE
[2018.10.15-02.02.20:390][639]LogEditorActor: Deleted Actor: StaticMeshActor
[2018.10.15-02.02.20:403][639]LogEditorActor: Deleted 1 Actors (0.020 secs)
[2018.10.15-02.03.08:512][942]LogSlate: FSceneViewport::OnFocusLost() reason 2
[2018.10.15-02.03.21:428][538]LogMaterial: Missing cached shader map for material LayerVisMaterial, compiling. 
[2018.10.15-02.03.21:459][538]LogShaderCompilers: Display: Shaders left to compile 8
[2018.10.15-02.03.21:459][538]LogMaterial: Missing cached shader map for material SelectBrushMaterial, compiling. 
[2018.10.15-02.03.21:485][538]LogMaterial: Missing cached shader map for material SelectBrushMaterial, compiling. 
[2018.10.15-02.03.21:516][538]LogMaterial: Missing cached shader map for material MaskBrushMaterial, compiling. 
[2018.10.15-02.03.21:547][538]LogMaterial: Missing cached shader map for material LandscapeLayerUsageMaterial, compiling. 
[2018.10.15-02.03.21:599][538]LogMaterial: Missing cached shader map for material CircleBrushMaterial, compiling. 
[2018.10.15-02.03.21:615][538]LogMaterial: Missing cached shader map for material CircleBrushMaterial, compiling. 
[2018.10.15-02.03.21:635][538]LogMaterial: Missing cached shader map for material CircleBrushMaterial, compiling. 
[2018.10.15-02.03.21:655][538]LogMaterial: Missing cached shader map for material CircleBrushMaterial, compiling. 
[2018.10.15-02.03.21:683][538]LogMaterial: Missing cached shader map for material AlphaBrushMaterial, compiling. 
[2018.10.15-02.03.21:702][538]LogMaterial: Missing cached shader map for material CircleBrushMaterial, compiling. 
[2018.10.15-02.03.21:722][538]LogShaderCompilers: Display: Shaders left to compile 188
[2018.10.15-02.03.21:723][538]LogMaterial: Missing cached shader map for material MaskBrushMaterial, compiling. 
[2018.10.15-02.03.21:733][538]LogShaderCompilers: Display: Shaders left to compile 178
[2018.10.15-02.03.21:733][538]LogShaderCompilers: Display: Shaders left to compile 168
[2018.10.15-02.03.21:737][538]LogTexture: Display: Building textures: Texture2D_2 (G8, 128X128)
[2018.10.15-02.03.24:552][703]LogShaderCompilers: Display: Shaders left to compile 178
[2018.10.15-02.03.25:502][759]LogShaderCompilers: Display: Shaders left to compile 168
[2018.10.15-02.03.25:634][767]LogShaderCompilers: Display: Shaders left to compile 158
[2018.10.15-02.03.25:693][770]LogShaderCompilers: Display: Shaders left to compile 148
[2018.10.15-02.03.27:363][870]LogShaderCompilers: Display: Shaders left to compile 138
[2018.10.15-02.03.27:949][905]LogShaderCompilers: Display: Shaders left to compile 128
[2018.10.15-02.03.28:327][928]LogShaderCompilers: Display: Shaders left to compile 118
[2018.10.15-02.03.28:370][930]LogShaderCompilers: Display: Shaders left to compile 108
[2018.10.15-02.03.30:246][ 43]LogShaderCompilers: Display: Shaders left to compile 98
[2018.10.15-02.03.30:791][ 75]LogShaderCompilers: Display: Shaders left to compile 88
[2018.10.15-02.03.31:267][104]LogShaderCompilers: Display: Shaders left to compile 78
[2018.10.15-02.03.31:284][105]LogShaderCompilers: Display: Shaders left to compile 68
[2018.10.15-02.03.33:251][223]LogShaderCompilers: Display: Shaders left to compile 58
[2018.10.15-02.03.33:690][249]LogShaderCompilers: Display: Shaders left to compile 48
[2018.10.15-02.03.34:184][279]LogShaderCompilers: Display: Shaders left to compile 38
[2018.10.15-02.03.34:290][285]LogShaderCompilers: Display: Shaders left to compile 28
[2018.10.15-02.03.36:094][391]LogShaderCompilers: Display: Shaders left to compile 18
[2018.10.15-02.03.36:486][413]LogShaderCompilers: Display: Shaders left to compile 8
[2018.10.15-02.09.21:328][ 16]LogSlate: FSceneViewport::OnFocusLost() reason 0
[2018.10.15-02.10.32:968][436]LogSavePackage: Save=58.95ms
[2018.10.15-02.10.32:968][436]LogSavePackage: Moving '../../../../../../Users/saket/source/repos/Section_02/BattleTanks/BattleTanks/Saved/BattleGround_Auto1AA1664D244F2277F9A97CB9AEBE7E767.tmp' to '../../../../../../Users/saket/source/repos/Section_02/BattleTanks/BattleTanks/Saved/Autosaves/Game/BattleGround_Auto1.umap'
[2018.10.15-02.10.32:971][436]LogSavePackage: Display: Finished SavePackage ../../../../../../Users/saket/source/repos/Section_02/BattleTanks/BattleTanks/Saved/Autosaves/Game/BattleGround_Auto1.umap
[2018.10.15-02.10.32:978][436]LogFileHelpers: Editor autosave (incl. sublevels) for '/Game/BattleGround' took 0.096
[2018.10.15-02.10.32:979][436]LogFileHelpers: Editor autosave (incl. sublevels) for all levels took 0.096
